<?xml version="1.0" encoding="UTF-8"?>
<!-- Generated by org.testng.reporters.JUnitReportReporter -->
<testsuite hostname="DESKTOP-JSGTNCE" failures="0" tests="4" name="automation.testsuite.FindBepGasProd" time="79.772" errors="0" timestamp="2025-06-25T15:54:18 ICT" skipped="0">
  <testcase classname="automation.testsuite.FindBepGasProd" name="FindProd" time="18.926"/>
  <testcase classname="automation.testsuite.FindBepGasProd" name="FindProEngland" time="17.657"/>
  <testcase classname="automation.testsuite.FindBepGasProd" name="FindProEngland" time="23.889"/>
  <testcase classname="automation.testsuite.FindBepGasProd" name="FindProd" time="19.300"/>
</testsuite> <!-- automation.testsuite.FindBepGasProd -->
