<?xml version="1.0" encoding="UTF-8"?>
<!-- Generated by org.testng.reporters.JUnitReportReporter -->
<testsuite hostname="DESKTOP-JSGTNCE" failures="0" tests="4" name="automation.testsuite.FindBepGasProd" time="114.757" errors="0" timestamp="2025-04-14T09:19:11 ICT" skipped="0">
  <testcase classname="automation.testsuite.FindBepGasProd" name="FindProEngland" time="18.596"/>
  <testcase classname="automation.testsuite.FindBepGasProd" name="FindProEngland" time="60.629"/>
  <testcase classname="automation.testsuite.FindBepGasProd" name="FindProd" time="16.048"/>
  <testcase classname="automation.testsuite.FindBepGasProd" name="FindProd" time="19.484"/>
</testsuite> <!-- automation.testsuite.FindBepGasProd -->
