<?xml version="1.0" encoding="UTF-8"?>
<!-- Generated by org.testng.reporters.JUnitReportReporter -->
<testsuite hostname="DESKTOP-JSGTNCE" failures="0" tests="1" name="automation.testsuite.FindMayRuaChenBat" time="15.355" errors="0" timestamp="2025-04-15T09:21:42 ICT" skipped="0">
  <testcase classname="automation.testsuite.FindMayRuaChenBat" name="findMayRuaBat_madeBy_England" time="15.355"/>
</testsuite> <!-- automation.testsuite.FindMayRuaChenBat -->
