<?xml version="1.0" encoding="UTF-8"?>
<!-- Generated by org.testng.reporters.JUnitReportReporter -->
<testsuite hostname="DESKTOP-JSGTNCE" failures="0" tests="10" name="automation.testsuite.TestHomePage" time="504.447" errors="2" timestamp="2025-06-25T15:54:18 ICT" skipped="0">
  <testcase classname="automation.testsuite.TestHomePage" name="placeOrderWithoutInfo_BepTu" time="39.105"/>
  <testcase classname="automation.testsuite.TestHomePage" name="placeOrderWithoutInfo_BepTu" time="32.488"/>
  <testcase classname="automation.testsuite.TestHomePage" name="placeOrderWithoutPhoneAndAdress" time="58.546"/>
  <testcase classname="automation.testsuite.TestHomePage" name="placeOrderWithoutPhoneAndAdress" time="33.322"/>
  <testcase classname="automation.testsuite.TestHomePage" name="placeOrderWithoutName" time="54.915"/>
  <testcase classname="automation.testsuite.TestHomePage" name="placeOrderWithoutName" time="48.330"/>
  <testcase classname="automation.testsuite.TestHomePage" name="placeOrderWithoutPhone" time="26.665"/>
  <testcase classname="automation.testsuite.TestHomePage" name="placeOrderWithoutPhone" time="54.400"/>
  <testcase classname="automation.testsuite.TestHomePage" name="placeOrderWithWrongPhone" time="86.537">
    <error message="Expected condition failed: waiting for visibility of element located by By.xpath: //small[normalize-space() = &#039;Số điện thoại không hợp lệ&#039;] (tried for 30 second(s) with 500 milliseconds interval)
Build info: version: &#039;4.31.0&#039;, revision: &#039;1ef9f18787*&#039;
System info: os.name: &#039;Windows 11&#039;, os.arch: &#039;amd64&#039;, os.version: &#039;10.0&#039;, java.version: &#039;21.0.6&#039;
Driver info: org.openqa.selenium.edge.EdgeDriver
Capabilities {acceptInsecureCerts: false, browserName: MicrosoftEdge, browserVersion: 137.0.3296.93, fedcm:accounts: true, ms:edgeOptions: {debuggerAddress: localhost:61793}, msedge: {msedgedriverVersion: 137.0.3296.93 (114b4a913acd..., userDataDir: C:\Users\admin\AppData\Loca...}, networkConnectionEnabled: false, pageLoadStrategy: normal, platformName: windows, proxy: Proxy(), se:cdp: ws://localhost:61793/devtoo..., se:cdpVersion: 137.0.3296.93, setWindowRect: true, strictFileInteractability: false, timeouts: {implicit: 0, pageLoad: 300000, script: 30000}, unhandledPromptBehavior: dismiss and notify, webauthn:extension:credBlob: true, webauthn:extension:largeBlob: true, webauthn:extension:minPinLength: true, webauthn:extension:prf: true, webauthn:virtualAuthenticators: true}
Session ID: 116637cee373a8f13cbd8d24d44754b1" type="org.openqa.selenium.TimeoutException">
      <![CDATA[org.openqa.selenium.TimeoutException: Expected condition failed: waiting for visibility of element located by By.xpath: //small[normalize-space() = 'Số điện thoại không hợp lệ'] (tried for 30 second(s) with 500 milliseconds interval)
Build info: version: '4.31.0', revision: '1ef9f18787*'
System info: os.name: 'Windows 11', os.arch: 'amd64', os.version: '10.0', java.version: '21.0.6'
Driver info: org.openqa.selenium.edge.EdgeDriver
Capabilities {acceptInsecureCerts: false, browserName: MicrosoftEdge, browserVersion: 137.0.3296.93, fedcm:accounts: true, ms:edgeOptions: {debuggerAddress: localhost:61793}, msedge: {msedgedriverVersion: 137.0.3296.93 (114b4a913acd..., userDataDir: C:\Users\admin\AppData\Loca...}, networkConnectionEnabled: false, pageLoadStrategy: normal, platformName: windows, proxy: Proxy(), se:cdp: ws://localhost:61793/devtoo..., se:cdpVersion: 137.0.3296.93, setWindowRect: true, strictFileInteractability: false, timeouts: {implicit: 0, pageLoad: 300000, script: 30000}, unhandledPromptBehavior: dismiss and notify, webauthn:extension:credBlob: true, webauthn:extension:largeBlob: true, webauthn:extension:minPinLength: true, webauthn:extension:prf: true, webauthn:virtualAuthenticators: true}
Session ID: 116637cee373a8f13cbd8d24d44754b1
at org.openqa.selenium.support.ui.WebDriverWait.timeoutException(WebDriverWait.java:84)
at org.openqa.selenium.support.ui.FluentWait.until(FluentWait.java:228)
at automation.common.CommonBase.getElementVisibility(CommonBase.java:108)
at automation.common.CommonBase.isVisibility(CommonBase.java:137)
at automation.testsuite.TestHomePage.placeOrderWithWrongPhone(TestHomePage.java:80)
at java.base/jdk.internal.reflect.DirectMethodHandleAccessor.invoke(DirectMethodHandleAccessor.java:103)
at java.base/java.lang.reflect.Method.invoke(Method.java:580)
at org.testng.internal.invokers.MethodInvocationHelper.invokeMethod(MethodInvocationHelper.java:139)
at org.testng.internal.invokers.TestInvoker.invokeMethod(TestInvoker.java:664)
at org.testng.internal.invokers.TestInvoker.invokeTestMethod(TestInvoker.java:228)
at org.testng.internal.invokers.MethodRunner.runInSequence(MethodRunner.java:63)
at org.testng.internal.invokers.TestInvoker$MethodInvocationAgent.invoke(TestInvoker.java:961)
at org.testng.internal.invokers.TestInvoker.invokeTestMethods(TestInvoker.java:201)
at org.testng.internal.invokers.TestMethodWorker.invokeTestMethods(TestMethodWorker.java:148)
at org.testng.internal.invokers.TestMethodWorker.run(TestMethodWorker.java:128)
at java.base/java.util.ArrayList.forEach(ArrayList.java:1596)
at org.testng.TestRunner.privateRun(TestRunner.java:819)
at org.testng.TestRunner.run(TestRunner.java:619)
at org.testng.SuiteRunner.runTest(SuiteRunner.java:443)
at org.testng.SuiteRunner.runSequentially(SuiteRunner.java:437)
at org.testng.SuiteRunner.privateRun(SuiteRunner.java:397)
at org.testng.SuiteRunner.run(SuiteRunner.java:336)
at org.testng.SuiteRunnerWorker.runSuite(SuiteRunnerWorker.java:52)
at org.testng.SuiteRunnerWorker.run(SuiteRunnerWorker.java:95)
at org.testng.TestNG.runSuitesSequentially(TestNG.java:1301)
at org.testng.TestNG.runSuitesLocally(TestNG.java:1228)
at org.testng.TestNG.runSuites(TestNG.java:1134)
at org.testng.TestNG.run(TestNG.java:1101)
at org.testng.remote.AbstractRemoteTestNG.run(AbstractRemoteTestNG.java:115)
at org.testng.remote.RemoteTestNG.initAndRun(RemoteTestNG.java:293)
at org.testng.remote.RemoteTestNG.main(RemoteTestNG.java:91)
]]>
    </error>
  </testcase> <!-- placeOrderWithWrongPhone -->
  <testcase classname="automation.testsuite.TestHomePage" name="placeOrderWithWrongPhone" time="70.139">
    <error message="Expected condition failed: waiting for visibility of element located by By.xpath: //small[normalize-space() = &#039;Số điện thoại không hợp lệ&#039;] (tried for 30 second(s) with 500 milliseconds interval)
Build info: version: &#039;4.31.0&#039;, revision: &#039;1ef9f18787*&#039;
System info: os.name: &#039;Windows 11&#039;, os.arch: &#039;amd64&#039;, os.version: &#039;10.0&#039;, java.version: &#039;21.0.6&#039;
Driver info: org.openqa.selenium.chrome.ChromeDriver
Capabilities {acceptInsecureCerts: false, browserName: chrome, browserVersion: 138.0.7204.50, chrome: {chromedriverVersion: 138.0.7204.49 (d2b48fd5f781..., userDataDir: C:\Users\admin\AppData\Loca...}, fedcm:accounts: true, goog:chromeOptions: {debuggerAddress: localhost:60760}, networkConnectionEnabled: false, pageLoadStrategy: normal, platformName: windows, proxy: Proxy(), se:cdp: ws://localhost:60760/devtoo..., se:cdpVersion: 138.0.7204.50, setWindowRect: true, strictFileInteractability: false, timeouts: {implicit: 0, pageLoad: 300000, script: 30000}, unhandledPromptBehavior: dismiss and notify, webauthn:extension:credBlob: true, webauthn:extension:largeBlob: true, webauthn:extension:minPinLength: true, webauthn:extension:prf: true, webauthn:virtualAuthenticators: true}
Session ID: a880cbaeb04ef396bcd04538d236bf97" type="org.openqa.selenium.TimeoutException">
      <![CDATA[org.openqa.selenium.TimeoutException: Expected condition failed: waiting for visibility of element located by By.xpath: //small[normalize-space() = 'Số điện thoại không hợp lệ'] (tried for 30 second(s) with 500 milliseconds interval)
Build info: version: '4.31.0', revision: '1ef9f18787*'
System info: os.name: 'Windows 11', os.arch: 'amd64', os.version: '10.0', java.version: '21.0.6'
Driver info: org.openqa.selenium.chrome.ChromeDriver
Capabilities {acceptInsecureCerts: false, browserName: chrome, browserVersion: 138.0.7204.50, chrome: {chromedriverVersion: 138.0.7204.49 (d2b48fd5f781..., userDataDir: C:\Users\admin\AppData\Loca...}, fedcm:accounts: true, goog:chromeOptions: {debuggerAddress: localhost:60760}, networkConnectionEnabled: false, pageLoadStrategy: normal, platformName: windows, proxy: Proxy(), se:cdp: ws://localhost:60760/devtoo..., se:cdpVersion: 138.0.7204.50, setWindowRect: true, strictFileInteractability: false, timeouts: {implicit: 0, pageLoad: 300000, script: 30000}, unhandledPromptBehavior: dismiss and notify, webauthn:extension:credBlob: true, webauthn:extension:largeBlob: true, webauthn:extension:minPinLength: true, webauthn:extension:prf: true, webauthn:virtualAuthenticators: true}
Session ID: a880cbaeb04ef396bcd04538d236bf97
at org.openqa.selenium.support.ui.WebDriverWait.timeoutException(WebDriverWait.java:84)
at org.openqa.selenium.support.ui.FluentWait.until(FluentWait.java:228)
at automation.common.CommonBase.getElementVisibility(CommonBase.java:108)
at automation.common.CommonBase.isVisibility(CommonBase.java:137)
at automation.testsuite.TestHomePage.placeOrderWithWrongPhone(TestHomePage.java:80)
at java.base/jdk.internal.reflect.DirectMethodHandleAccessor.invoke(DirectMethodHandleAccessor.java:103)
at java.base/java.lang.reflect.Method.invoke(Method.java:580)
at org.testng.internal.invokers.MethodInvocationHelper.invokeMethod(MethodInvocationHelper.java:139)
at org.testng.internal.invokers.TestInvoker.invokeMethod(TestInvoker.java:664)
at org.testng.internal.invokers.TestInvoker.invokeTestMethod(TestInvoker.java:228)
at org.testng.internal.invokers.MethodRunner.runInSequence(MethodRunner.java:63)
at org.testng.internal.invokers.TestInvoker$MethodInvocationAgent.invoke(TestInvoker.java:961)
at org.testng.internal.invokers.TestInvoker.invokeTestMethods(TestInvoker.java:201)
at org.testng.internal.invokers.TestMethodWorker.invokeTestMethods(TestMethodWorker.java:148)
at org.testng.internal.invokers.TestMethodWorker.run(TestMethodWorker.java:128)
at java.base/java.util.ArrayList.forEach(ArrayList.java:1596)
at org.testng.TestRunner.privateRun(TestRunner.java:819)
at org.testng.TestRunner.run(TestRunner.java:619)
at org.testng.SuiteRunner.runTest(SuiteRunner.java:443)
at org.testng.SuiteRunner.runSequentially(SuiteRunner.java:437)
at org.testng.SuiteRunner.privateRun(SuiteRunner.java:397)
at org.testng.SuiteRunner.run(SuiteRunner.java:336)
at org.testng.SuiteRunnerWorker.runSuite(SuiteRunnerWorker.java:52)
at org.testng.SuiteRunnerWorker.run(SuiteRunnerWorker.java:95)
at org.testng.TestNG.runSuitesSequentially(TestNG.java:1301)
at org.testng.TestNG.runSuitesLocally(TestNG.java:1228)
at org.testng.TestNG.runSuites(TestNG.java:1134)
at org.testng.TestNG.run(TestNG.java:1101)
at org.testng.remote.AbstractRemoteTestNG.run(AbstractRemoteTestNG.java:115)
at org.testng.remote.RemoteTestNG.initAndRun(RemoteTestNG.java:293)
at org.testng.remote.RemoteTestNG.main(RemoteTestNG.java:91)
]]>
    </error>
  </testcase> <!-- placeOrderWithWrongPhone -->
</testsuite> <!-- automation.testsuite.TestHomePage -->
